# Logfile created on Tue Jun 29 11:30:31 +0200 2010 by /
I, [2010-06-29T11:31:37.322454 #1106]  INFO -- : convert -crop '740x740+0+0' ./tmp/images/472bd3b10edd2540488e8d25e76e76bbd9296067.jpg ./public/images/cropped/472bd3b10edd2540488e8d25e76e76bbd9296067.jpg
I, [2010-06-29T11:34:43.424269 #1127]  INFO -- : convert -crop '438x438+116+92' ./tmp/images/4efade1292b576da7b57d9a40bf7a945ff8b7fad.jpg ./public/images/cropped/4efade1292b576da7b57d9a40bf7a945ff8b7fad.jpg
I, [2010-06-29T11:35:58.755505 #1142]  INFO -- : convert -crop '740x740+0+0' ./tmp/images/b271ac82fe8fc795514c7e3166534dec2f5fd4e8.jpg ./public/images/cropped/b271ac82fe8fc795514c7e3166534dec2f5fd4e8.jpg
I, [2010-06-29T11:51:54.573270 #1190]  INFO -- : convert -crop '740x740+0+0+repage' ./tmp/images/3ec2601671a42b7173810354f9fed19d4faefea3.jpg ./public/images/cropped/3ec2601671a42b7173810354f9fed19d4faefea3.jpg
I, [2010-06-29T11:54:14.883568 #1202]  INFO -- : convert -crop '456x456+192+82+repage' ./tmp/images/d3f1dcfc628be9a14f224e36f61049e5710c7604.jpg ./public/images/cropped/d3f1dcfc628be9a14f224e36f61049e5710c7604.jpg
I, [2010-06-29T11:54:47.203146 #1208]  INFO -- : convert -crop '504x504+0+0' +repage ./tmp/images/c166f21ca1ecffbd92e5633406c859dc4d645f31.jpg ./public/images/cropped/c166f21ca1ecffbd92e5633406c859dc4d645f31.jpg
I, [2010-06-29T12:06:01.790211 #1298]  INFO -- : convert ./tmp/images/c69141728dbd62083fca551939ea3b88aa39425a.jpg -crop '362x362+192+186' +repage ./public/images/cropped/c69141728dbd62083fca551939ea3b88aa39425a.jpg
I, [2010-06-29T12:08:23.475003 #1327]  INFO -- : convert ./tmp/images/9c12c60c99921fb5c1f39b2b98407010af5a5291.jpg -crop '558x558+232+40' +repage ./public/images/cropped/9c12c60c99921fb5c1f39b2b98407010af5a5291.jpg
I, [2010-06-29T12:08:40.090760 #1333]  INFO -- : convert ./tmp/images/8605d40905cae90b463c33622c24f7f5913b3ff5.jpg -crop '438x438+446+10' +repage ./public/images/cropped/8605d40905cae90b463c33622c24f7f5913b3ff5.jpg
I, [2010-06-29T12:08:54.377006 #1338]  INFO -- : convert ./tmp/images/d491744a213f5b79b39641d98a5fbddb00557f75.jpg -crop '530x530+410+68' +repage ./public/images/cropped/d491744a213f5b79b39641d98a5fbddb00557f75.jpg
I, [2010-06-29T12:09:01.513175 #1344]  INFO -- : convert ./tmp/images/99983e947fb7494e28ce750a803372b89ce445f2.jpg -crop '528x528+114+62' +repage ./public/images/cropped/99983e947fb7494e28ce750a803372b89ce445f2.jpg
I, [2010-06-29T12:09:45.744938 #1351]  INFO -- : convert ./tmp/images/93a9d92a6b176d05e4cf7fc05c41e9fba341b62c.jpg -crop '740x740+130+0' +repage ./public/images/cropped/93a9d92a6b176d05e4cf7fc05c41e9fba341b62c.jpg
I, [2010-06-29T12:09:59.085409 #1360]  INFO -- : convert ./tmp/images/5bf63e755909c2d51cc850c1596b8c6f8e60c527.jpg -crop '740x740+0+0' +repage ./public/images/cropped/5bf63e755909c2d51cc850c1596b8c6f8e60c527.jpg
I, [2010-06-29T12:10:05.655248 #1365]  INFO -- : convert ./tmp/images/550e350af91aa9f83d0758f8cb93907fa7a1c1b3.jpg -crop '740x740+0+0' +repage ./public/images/cropped/550e350af91aa9f83d0758f8cb93907fa7a1c1b3.jpg
I, [2010-06-29T12:10:32.303942 #1371]  INFO -- : convert ./tmp/images/a4af21f7614b1dc28d8eedb9a5c8ffaadf4f6e8b.jpg -crop '508x508+102+148' +repage ./public/images/cropped/a4af21f7614b1dc28d8eedb9a5c8ffaadf4f6e8b.jpg
I, [2010-06-29T12:14:53.457297 #1439]  INFO -- : convert ./tmp/images/08e0234f37202daa31427147a12e85e93af96f8c.jpg -crop '284x284+80+37' +repage ./public/images/cropped/08e0234f37202daa31427147a12e85e93af96f8c.jpg
I, [2010-06-29T12:15:04.922801 #1444]  INFO -- : convert ./tmp/images/f84aa99cd1982f5203c6238600a810119efbc805.jpg -crop '238x238+243+102' +repage ./public/images/cropped/f84aa99cd1982f5203c6238600a810119efbc805.jpg
I, [2010-06-29T12:15:59.567129 #1452]  INFO -- : convert ./tmp/images/f93e6c9b7806e06ad0792396c96a6e0a1c0c8874.jpg -crop '254x254+45+79' +repage ./public/images/cropped/f93e6c9b7806e06ad0792396c96a6e0a1c0c8874.jpg
I, [2010-06-29T12:16:12.845464 #1458]  INFO -- : convert ./tmp/images/b78f1617a3a680bc6ce2a5c961e8871e2079abe3.jpg -crop '370x370+0+0' +repage ./public/images/cropped/b78f1617a3a680bc6ce2a5c961e8871e2079abe3.jpg
I, [2010-06-29T12:25:08.251519 #1478]  INFO -- : convert ./tmp/images/22c0d4d815c6af242d739f22cafa57d4a6a12e28.jpg -crop '97x97+176+126' +repage ./public/images/cropped/22c0d4d815c6af242d739f22cafa57d4a6a12e28.jpg
I, [2010-06-29T14:28:25.531239 #1748]  INFO -- : convert ./tmp/images/c1d12cc3c42c3184112e118b112d2b8d655f2bf0.jpg -crop '370x370+0+0' +repage ./public/images/cropped/c1d12cc3c42c3184112e118b112d2b8d655f2bf0.jpg
I, [2010-06-29T14:42:55.022239 #1788]  INFO -- : convert ./tmp/images/cee3224ec9d0a12d0f77ba8569db44371be932de.jpg -crop '370x370+0+0' +repage ./public/images/cropped/cee3224ec9d0a12d0f77ba8569db44371be932de.jpg
I, [2010-06-29T14:45:58.468741 #1816]  INFO -- : convert ./tmp/images/5536e6a1aac62ae4ff8f1726a1375232d7d4bceb.jpg -crop '370x370+0+0' +repage ./public/images/cropped/5536e6a1aac62ae4ff8f1726a1375232d7d4bceb.jpg
I, [2010-06-29T14:46:07.498046 #1819]  INFO -- : convert ./tmp/images/a743d8d3b93a946f20bef8da197cc56df793fe51.jpg -crop '370x370+0+0' +repage ./public/images/cropped/a743d8d3b93a946f20bef8da197cc56df793fe51.jpg
I, [2010-06-29T14:46:28.879630 #1841]  INFO -- : convert ./tmp/images/9cff85802887f34dd69ac96217a24ba477c3ed6d.jpg -crop '370x370+0+0' +repage ./public/images/cropped/9cff85802887f34dd69ac96217a24ba477c3ed6d.jpg
I, [2010-06-29T14:47:28.003430 #1864]  INFO -- : convert ./tmp/images/3ad278d10665c7dd95ad887e27ff0871285087f9.jpg -crop '370x370+0+0' +repage ./public/images/cropped/3ad278d10665c7dd95ad887e27ff0871285087f9.jpg
I, [2010-06-29T14:47:35.413405 #1867]  INFO -- : convert ./tmp/images/c08cd12c4004ead2c01b01f1dc9bc5525be87a58.jpg -crop '370x370+0+0' +repage ./public/images/cropped/c08cd12c4004ead2c01b01f1dc9bc5525be87a58.jpg
I, [2010-06-29T14:47:40.405383 #1877]  INFO -- : convert ./tmp/images/8a951bf48e0517b194d6ba39999d9beddefadeec.jpg -crop '370x370+0+0' +repage ./public/images/cropped/8a951bf48e0517b194d6ba39999d9beddefadeec.jpg
I, [2010-06-29T14:47:50.638666 #1900]  INFO -- : convert ./tmp/images/ee145c009510f773d0434c4020e9687d78733bcc.jpg -crop '370x370+0+0' +repage ./public/images/cropped/ee145c009510f773d0434c4020e9687d78733bcc.jpg
I, [2010-06-29T14:49:10.182096 #1930]  INFO -- : convert ./tmp/images/b9e7500c864caa5501460407159945e0784879f9.jpg -crop '370x370+0+0' +repage ./public/images/cropped/b9e7500c864caa5501460407159945e0784879f9.jpg
I, [2010-06-29T14:49:17.130986 #1934]  INFO -- : convert ./tmp/images/2ebb92b809c43b902b453c5f7ce7675d8fd3ec66.jpg -crop '254x254+0+0' +repage ./public/images/cropped/2ebb92b809c43b902b453c5f7ce7675d8fd3ec66.jpg
I, [2010-06-29T14:49:29.957519 #1938]  INFO -- : convert ./tmp/images/39aa834cd056c71979c224ade43eff0905f115ac.jpg -crop '160x160+80+120' +repage ./public/images/cropped/39aa834cd056c71979c224ade43eff0905f115ac.jpg
I, [2010-06-29T14:49:38.294031 #1942]  INFO -- : convert ./tmp/images/dd708bee9e6e66eb7d1f075744213a7b75e508c1.jpg -crop '160x160+276+82' +repage ./public/images/cropped/dd708bee9e6e66eb7d1f075744213a7b75e508c1.jpg
I, [2010-06-29T14:49:47.042608 #1946]  INFO -- : convert ./tmp/images/84cad3ca60decf53d8a2c662502d7797d99c972a.jpg -crop '146x146+67+100' +repage ./public/images/cropped/84cad3ca60decf53d8a2c662502d7797d99c972a.jpg
I, [2010-06-29T14:50:52.591345 #1950]  INFO -- : convert ./tmp/images/78841d5c39030a1e2dc39cb667e4d1826e9a4667.jpg -crop '189x189+69+74' +repage ./public/images/cropped/78841d5c39030a1e2dc39cb667e4d1826e9a4667.jpg
I, [2010-06-29T14:51:06.817179 #1962]  INFO -- : convert ./tmp/images/db24e06db68131ae2b206332fda8818b28143e50.jpg -crop '241x241+69+57' +repage ./public/images/cropped/db24e06db68131ae2b206332fda8818b28143e50.jpg
I, [2010-06-29T14:51:53.276680 #1976]  INFO -- : convert ./tmp/images/d19fd525b0117ec030b93e6dadf91465aea96e02.jpg -crop '269x269+92+30' +repage ./public/images/cropped/d19fd525b0117ec030b93e6dadf91465aea96e02.jpg
I, [2010-06-29T14:54:10.615768 #1981]  INFO -- : convert ./tmp/images/50f99fc48c697406548c629d982abbdadd2e00ab.jpg -crop '194x194+55+145' +repage ./public/images/cropped/50f99fc48c697406548c629d982abbdadd2e00ab.jpg
I, [2010-06-29T14:55:30.294005 #2016]  INFO -- : convert ./tmp/images/3e47f6c031de7e69208f371e60f7682b13b9f337.jpg -crop '344x163+44+82' +repage ./public/images/cropped/3e47f6c031de7e69208f371e60f7682b13b9f337.jpg
I, [2010-06-29T14:58:58.075227 #2055]  INFO -- : convert ./tmp/images/f1d5db7fa1ab3b79d5246b12e28b369779c28ed1.jpg -crop '500x238+0+0' +repage -resize '200x95!' ./public/images/cropped/f1d5db7fa1ab3b79d5246b12e28b369779c28ed1.jpg
I, [2010-06-29T14:59:07.299451 #2060]  INFO -- : convert ./tmp/images/48e929d775ec36d5f74f16fd8034367e538d47b7.jpg -crop '337x160+125+168' +repage -resize '200x95!' ./public/images/cropped/48e929d775ec36d5f74f16fd8034367e538d47b7.jpg
I, [2010-06-29T14:59:22.659373 #2064]  INFO -- : convert ./tmp/images/d90a39fd331f08e3113edf2121ed3acd5214cf8a.jpg -crop '245x116+40+196' +repage -resize '200x95!' ./public/images/cropped/d90a39fd331f08e3113edf2121ed3acd5214cf8a.jpg
I, [2010-06-29T15:01:36.829813 #2096]  INFO -- : convert ./tmp/images/dbf3661cb81845d78499dbd3bdcf35f5c59aeda0.jpg -crop '200x95+250+195' +repage -resize '200x95!' ./public/images/cropped/dbf3661cb81845d78499dbd3bdcf35f5c59aeda0.jpg
I, [2010-06-29T15:01:53.655923 #2100]  INFO -- : convert ./tmp/images/f29d5443d834137b63bde8e1257a5e837c1b9630.jpg -crop '316x150+28+79' +repage -resize '200x95!' ./public/images/cropped/f29d5443d834137b63bde8e1257a5e837c1b9630.jpg
I, [2010-06-29T15:02:28.545890 #2104]  INFO -- : convert ./tmp/images/3b1e34beadf154a374435577df3984129a6f3031.jpg -crop '316x150+39+185' +repage -resize '200x95!' ./public/images/cropped/3b1e34beadf154a374435577df3984129a6f3031.jpg
